0 info it worked if it ends with ok
1 verbose cli [ 'node', '/usr/local/bin/npm', 'install', 'mongoose' ]
2 info using npm@1.3.14
3 info using node@v0.10.22
4 warn package.json quantum-app@0.0.0 No description
5 warn package.json quantum-app@0.0.0 No repository field.
6 warn package.json quantum-app@0.0.0 No README data
7 verbose readDependencies using package.json deps
8 verbose cache add [ 'mongoose', null ]
9 verbose cache add name=undefined spec="mongoose" args=["mongoose",null]
10 verbose parsed url { protocol: null,
10 verbose parsed url   slashes: null,
10 verbose parsed url   auth: null,
10 verbose parsed url   host: null,
10 verbose parsed url   port: null,
10 verbose parsed url   hostname: null,
10 verbose parsed url   hash: null,
10 verbose parsed url   search: null,
10 verbose parsed url   query: null,
10 verbose parsed url   pathname: 'mongoose',
10 verbose parsed url   path: 'mongoose',
10 verbose parsed url   href: 'mongoose' }
11 silly lockFile f25dbdd3-mongoose mongoose
12 verbose lock mongoose /Users/Razorthink/.npm/f25dbdd3-mongoose.lock
13 silly lockFile f25dbdd3-mongoose mongoose
14 verbose addNamed [ 'mongoose', '' ]
15 verbose addNamed [ null, '*' ]
16 silly lockFile 3bb0fc31-mongoose mongoose@
17 verbose lock mongoose@ /Users/Razorthink/.npm/3bb0fc31-mongoose.lock
18 silly lockFile 3bb0fc31-mongoose mongoose@
19 error Error: EACCES, open '/Users/Razorthink/.npm/3bb0fc31-mongoose.lock'
19 error  { [Error: EACCES, open '/Users/Razorthink/.npm/3bb0fc31-mongoose.lock']
19 error   errno: 3,
19 error   code: 'EACCES',
19 error   path: '/Users/Razorthink/.npm/3bb0fc31-mongoose.lock' }
20 error Please try running this command again as root/Administrator.
21 error System Darwin 13.0.0
22 error command "node" "/usr/local/bin/npm" "install" "mongoose"
23 error cwd /Users/Razorthink/Documents/workspace/Quantum-App
24 error node -v v0.10.22
25 error npm -v 1.3.14
26 error path /Users/Razorthink/.npm/3bb0fc31-mongoose.lock
27 error code EACCES
28 error errno 3
29 error stack Error: EACCES, open '/Users/Razorthink/.npm/3bb0fc31-mongoose.lock'
30 verbose exit [ 3, true ]
